<?xml version="1.0" encoding="UTF-8"?>
<!-- Generated by org.testng.reporters.JUnitXMLReporter -->
<testsuite ignored="0" hostname="SHUBHAM-PC" failures="1" tests="1" name="Test3" time="0.132" errors="0" timestamp="2023-07-05T10:18:45 PDT">
  <testcase classname="TestNG.Multibrowser_testing2" name="Tc1" time="0.0">
    <failure type="org.testng.TestNGException" message="
Parameter &amp;apos;browserName&amp;apos; is required by @Test on method Tc1 but has not been marked @Optional or defined
in C:\Users\shubham\eclipse-workspace\selenium_proj\multibrowserTestingpart2.xml">
      <![CDATA[org.testng.TestNGException: 
Parameter 'browserName' is required by @Test on method Tc1 but has not been marked @Optional or defined
in C:\Users\shubham\eclipse-workspace\selenium_proj\multibrowserTestingpart2.xml
at java.base/java.util.ArrayList.forEach(ArrayList.java:1541)
at java.base/java.util.concurrent.FutureTask.run(FutureTask.java:264)
at java.base/java.util.concurrent.ThreadPoolExecutor.runWorker(ThreadPoolExecutor.java:1128)
at java.base/java.util.concurrent.ThreadPoolExecutor$Worker.run(ThreadPoolExecutor.java:628)
at java.base/java.lang.Thread.run(Thread.java:834)
... Removed 17 stack frames]]>
    </failure>
  </testcase> <!-- Tc1 -->
</testsuite> <!-- Test3 -->
